[debug] [2019-03-15T00:45:03.424Z] ----------------------------------------------------------------------
[debug] [2019-03-15T00:45:03.433Z] Command:       C:\Program Files\nodejs\node.exe C:\Users\Administrator\AppData\Roaming\npm\node_modules\firebase-tools\lib\bin\firebase.js serve
[debug] [2019-03-15T00:45:03.434Z] CLI Version:   6.5.0
[debug] [2019-03-15T00:45:03.434Z] Platform:      win32
[debug] [2019-03-15T00:45:03.434Z] Node Version:  v10.15.3
[debug] [2019-03-15T00:45:03.438Z] Time:          Fri Mar 15 2019 09:45:03 GMT+0900 (GMT+09:00)
[debug] [2019-03-15T00:45:03.438Z] ----------------------------------------------------------------------
[debug] 
[debug] [2019-03-15T00:45:03.472Z] > command requires scopes: ["email","openid","https://www.googleapis.com/auth/cloudplatformprojects.readonly","https://www.googleapis.com/auth/firebase","https://www.googleapis.com/auth/cloud-platform"]
[debug] [2019-03-15T00:45:03.474Z] > authorizing via signed-in user
[debug] [2019-03-15T00:45:03.474Z] [iam] checking project booldook-pr for permissions ["firebase.projects.get"]
[debug] [2019-03-15T00:45:03.482Z] >>> HTTP REQUEST POST https://cloudresourcemanager.googleapis.com/v1/projects/booldook-pr:testIamPermissions  

[debug] [2019-03-15T00:45:04.954Z] <<< HTTP RESPONSE 200
[debug] [2019-03-15T00:45:04.960Z] >>> HTTP REQUEST GET https://cloudresourcemanager.googleapis.com/v1/projects/booldook-pr  
 
[debug] [2019-03-15T00:45:05.883Z] <<< HTTP RESPONSE 200
[info] 
[info] === Serving from 'D:\booldook\06.parallax'...
[info] 
[debug] [2019-03-15T00:45:05.893Z] >>> HTTP REQUEST GET https://mobilesdk-pa.googleapis.com/v1/projects/931751255904/clients/_:getWebAppConfig  
 
[debug] [2019-03-15T00:45:12.800Z] <<< HTTP RESPONSE 200
[info] i  hosting: Serving hosting files from: public
[info] +  hosting: Local server: http://localhost:5000
